[2020-10-09 15:47:59] app.INFO: Protect vendor folder in module contactform [] []
[2020-10-09 15:47:59] app.INFO: Module contactform has no vendor folder [] []
[2020-10-09 15:47:59] app.INFO: Protect vendor folder in module dashactivity [] []
[2020-10-09 15:47:59] app.INFO: Module dashactivity has no vendor folder [] []
[2020-10-09 15:47:59] app.INFO: Protect vendor folder in module dashtrends [] []
[2020-10-09 15:47:59] app.INFO: Module dashtrends has no vendor folder [] []
[2020-10-09 15:48:00] app.INFO: Protect vendor folder in module dashgoals [] []
[2020-10-09 15:48:00] app.INFO: Module dashgoals has no vendor folder [] []
[2020-10-09 15:48:00] app.INFO: Protect vendor folder in module dashproducts [] []
[2020-10-09 15:48:00] app.INFO: Module dashproducts has no vendor folder [] []
[2020-10-09 15:48:00] app.INFO: Protect vendor folder in module graphnvd3 [] []
[2020-10-09 15:48:00] app.INFO: Module graphnvd3 has no vendor folder [] []
[2020-10-09 15:48:00] app.INFO: Protect vendor folder in module gridhtml [] []
[2020-10-09 15:48:00] app.INFO: Module gridhtml has no vendor folder [] []
[2020-10-09 15:48:00] app.INFO: Protect vendor folder in module gsitemap [] []
[2020-10-09 15:48:00] app.INFO: Module gsitemap has no vendor folder [] []
[2020-10-09 15:48:00] app.INFO: Protect vendor folder in module ps_banner [] []
[2020-10-09 15:48:00] app.INFO: Module ps_banner has no vendor folder [] []
[2020-10-09 15:48:00] app.INFO: Protect vendor folder in module ps_categorytree [] []
[2020-10-09 15:48:00] app.INFO: Module ps_categorytree has no vendor folder [] []
[2020-10-09 15:48:00] app.INFO: Protect vendor folder in module ps_checkpayment [] []
[2020-10-09 15:48:00] app.INFO: Module ps_checkpayment has no vendor folder [] []
[2020-10-09 15:48:01] app.INFO: Protect vendor folder in module ps_contactinfo [] []
[2020-10-09 15:48:01] app.INFO: Module ps_contactinfo has no vendor folder [] []
[2020-10-09 15:48:01] app.INFO: Protect vendor folder in module ps_currencyselector [] []
[2020-10-09 15:48:01] app.INFO: Module ps_currencyselector has no vendor folder [] []
[2020-10-09 15:48:01] app.INFO: Protect vendor folder in module ps_customeraccountlinks [] []
[2020-10-09 15:48:01] app.INFO: Module ps_customeraccountlinks has no vendor folder [] []
[2020-10-09 15:48:01] app.INFO: Protect vendor folder in module ps_customersignin [] []
[2020-10-09 15:48:01] app.INFO: Module ps_customersignin has no vendor folder [] []
[2020-10-09 15:48:01] app.INFO: Protect vendor folder in module ps_customtext [] []
[2020-10-09 15:48:01] app.INFO: Module ps_customtext has no vendor folder [] []
[2020-10-09 15:48:01] app.INFO: Protect vendor folder in module ps_emailsubscription [] []
[2020-10-09 15:48:01] app.INFO: Module ps_emailsubscription has no vendor folder [] []
[2020-10-09 15:48:02] app.INFO: Protect vendor folder in module ps_facetedsearch [] []
[2020-10-09 15:48:02] app.INFO: Module ps_facetedsearch has no vendor folder [] []
[2020-10-09 15:48:02] app.INFO: Protect vendor folder in module ps_faviconnotificationbo [] []
[2020-10-09 15:48:02] app.INFO: Module ps_faviconnotificationbo has no vendor folder [] []
[2020-10-09 15:48:03] app.INFO: Protect vendor folder in module ps_featuredproducts [] []
[2020-10-09 15:48:03] app.INFO: Module ps_featuredproducts has no vendor folder [] []
[2020-10-09 15:48:03] app.INFO: Protect vendor folder in module ps_imageslider [] []
[2020-10-09 15:48:03] app.INFO: Module ps_imageslider has no vendor folder [] []
[2020-10-09 15:48:03] app.INFO: Protect vendor folder in module ps_languageselector [] []
[2020-10-09 15:48:03] app.INFO: Module ps_languageselector has no vendor folder [] []
[2020-10-09 15:48:03] app.INFO: Protect vendor folder in module ps_linklist [] []
[2020-10-09 15:48:03] app.INFO: Module ps_linklist has no vendor folder [] []
[2020-10-09 15:48:03] app.ERROR: Class "AdminLinkWidgetController" not found in controllers/admin [] []
[2020-10-09 15:48:04] app.INFO: Protect vendor folder in module ps_mainmenu [] []
[2020-10-09 15:48:04] app.INFO: Module ps_mainmenu has no vendor folder [] []
[2020-10-09 15:48:04] app.INFO: Protect vendor folder in module ps_searchbar [] []
[2020-10-09 15:48:04] app.INFO: Module ps_searchbar has no vendor folder [] []
[2020-10-09 15:48:04] app.INFO: Protect vendor folder in module ps_sharebuttons [] []
[2020-10-09 15:48:04] app.INFO: Module ps_sharebuttons has no vendor folder [] []
[2020-10-09 15:48:04] app.INFO: Protect vendor folder in module ps_shoppingcart [] []
[2020-10-09 15:48:04] app.INFO: Module ps_shoppingcart has no vendor folder [] []
[2020-10-09 15:48:04] app.INFO: Protect vendor folder in module ps_socialfollow [] []
[2020-10-09 15:48:04] app.INFO: Module ps_socialfollow has no vendor folder [] []
[2020-10-09 15:48:04] app.INFO: Protect vendor folder in module ps_themecusto [] []
[2020-10-09 15:48:04] app.INFO: Module ps_themecusto has no vendor folder [] []
[2020-10-09 15:48:04] app.INFO: Protect vendor folder in module ps_wirepayment [] []
[2020-10-09 15:48:04] app.INFO: Module ps_wirepayment has no vendor folder [] []
[2020-10-09 15:48:05] app.INFO: Protect vendor folder in module pagesnotfound [] []
[2020-10-09 15:48:05] app.INFO: Module pagesnotfound has no vendor folder [] []
[2020-10-09 15:48:05] app.INFO: Protect vendor folder in module sekeywords [] []
[2020-10-09 15:48:05] app.INFO: Module sekeywords has no vendor folder [] []
[2020-10-09 15:48:05] app.INFO: Protect vendor folder in module statsbestcategories [] []
[2020-10-09 15:48:05] app.INFO: Module statsbestcategories has no vendor folder [] []
[2020-10-09 15:48:05] app.INFO: Protect vendor folder in module statsbestcustomers [] []
[2020-10-09 15:48:05] app.INFO: Module statsbestcustomers has no vendor folder [] []
[2020-10-09 15:48:05] app.INFO: Protect vendor folder in module statsbestproducts [] []
[2020-10-09 15:48:05] app.INFO: Module statsbestproducts has no vendor folder [] []
[2020-10-09 15:48:05] app.INFO: Protect vendor folder in module statsbestsuppliers [] []
[2020-10-09 15:48:05] app.INFO: Module statsbestsuppliers has no vendor folder [] []
[2020-10-09 15:48:05] app.INFO: Protect vendor folder in module statsbestvouchers [] []
[2020-10-09 15:48:05] app.INFO: Module statsbestvouchers has no vendor folder [] []
[2020-10-09 15:48:05] app.INFO: Protect vendor folder in module statscarrier [] []
[2020-10-09 15:48:05] app.INFO: Module statscarrier has no vendor folder [] []
[2020-10-09 15:48:05] app.INFO: Protect vendor folder in module statscatalog [] []
[2020-10-09 15:48:05] app.INFO: Module statscatalog has no vendor folder [] []
[2020-10-09 15:48:05] app.INFO: Protect vendor folder in module statscheckup [] []
[2020-10-09 15:48:05] app.INFO: Module statscheckup has no vendor folder [] []
[2020-10-09 15:48:06] app.INFO: Protect vendor folder in module statsdata [] []
[2020-10-09 15:48:06] app.INFO: Module statsdata has no vendor folder [] []
[2020-10-09 15:48:06] app.INFO: Protect vendor folder in module statsequipment [] []
[2020-10-09 15:48:06] app.INFO: Module statsequipment has no vendor folder [] []
[2020-10-09 15:48:06] app.INFO: Protect vendor folder in module statsforecast [] []
[2020-10-09 15:48:06] app.INFO: Module statsforecast has no vendor folder [] []
[2020-10-09 15:48:06] app.INFO: Protect vendor folder in module statslive [] []
[2020-10-09 15:48:06] app.INFO: Module statslive has no vendor folder [] []
[2020-10-09 15:48:06] app.INFO: Protect vendor folder in module statsnewsletter [] []
[2020-10-09 15:48:06] app.INFO: Module statsnewsletter has no vendor folder [] []
[2020-10-09 15:48:06] app.INFO: Protect vendor folder in module statsorigin [] []
[2020-10-09 15:48:06] app.INFO: Module statsorigin has no vendor folder [] []
[2020-10-09 15:48:06] app.INFO: Protect vendor folder in module statspersonalinfos [] []
[2020-10-09 15:48:06] app.INFO: Module statspersonalinfos has no vendor folder [] []
[2020-10-09 15:48:06] app.INFO: Protect vendor folder in module statsproduct [] []
[2020-10-09 15:48:06] app.INFO: Module statsproduct has no vendor folder [] []
[2020-10-09 15:48:06] app.INFO: Protect vendor folder in module statsregistrations [] []
[2020-10-09 15:48:06] app.INFO: Module statsregistrations has no vendor folder [] []
[2020-10-09 15:48:06] app.INFO: Protect vendor folder in module statssales [] []
[2020-10-09 15:48:06] app.INFO: Module statssales has no vendor folder [] []
[2020-10-09 15:48:06] app.INFO: Protect vendor folder in module statssearch [] []
[2020-10-09 15:48:06] app.INFO: Module statssearch has no vendor folder [] []
[2020-10-09 15:48:06] app.INFO: Protect vendor folder in module statsstock [] []
[2020-10-09 15:48:06] app.INFO: Module statsstock has no vendor folder [] []
[2020-10-09 15:48:06] app.INFO: Protect vendor folder in module statsvisits [] []
[2020-10-09 15:48:06] app.INFO: Module statsvisits has no vendor folder [] []
[2020-10-09 15:48:07] app.INFO: Protect vendor folder in module welcome [] []
[2020-10-09 15:48:07] app.INFO: Exporting mail with theme modern for language English (English) [] []
[2020-10-09 15:48:07] app.INFO: Core output folder: /opt/bitnami/apache/htdocs/mails [] []
[2020-10-09 15:48:07] app.INFO: Modules output folder: /opt/bitnami/apache/htdocs/modules/ [] []
[2020-10-09 15:48:08] app.INFO: Exporting mail with theme modern for language Deutsch (German) [] []
[2020-10-09 15:48:08] app.INFO: Core output folder: /opt/bitnami/apache/htdocs/mails [] []
[2020-10-09 15:48:08] app.INFO: Modules output folder: /opt/bitnami/apache/htdocs/modules/ [] []
[2020-11-12 19:49:29] request.CRITICAL: Uncaught PHP Exception Symfony\Component\Debug\Exception\FatalErrorException: "Error: Maximum execution time of 120 seconds exceeded" at C:\wamp\www\prestashop\classes\db\DbPDO.php line 156 {"exception":"[object] (Symfony\\Component\\Debug\\Exception\\FatalErrorException(code: 0): Error: Maximum execution time of 120 seconds exceeded at C:\\wamp\\www\\prestashop\\classes\\db\\DbPDO.php:156)"} []
[2020-11-12 20:28:56] request.INFO: Matched route "admin_module_manage". {"route":"admin_module_manage","route_parameters":{"category":null,"keyword":null,"_controller":"PrestaShopBundle\\Controller\\Admin\\Improve\\ModuleController::manageAction","_legacy_controller":"AdminModulesManage","_legacy_link":["AdminModulesManage","AdminModulesSf"],"_route":"admin_module_manage"},"request_uri":"https://localhost/prestashop/admin178i9wzcy/index.php/improve/modules/manage?_token=S3YWO4_VGZPNfn6KI17Li_msF_RjoOKhnn1CS1tpbvw","method":"GET"} []
[2020-11-12 20:28:56] security.DEBUG: Read existing security token from the session. {"key":"_security_main","token_class":"Symfony\\Component\\Security\\Core\\Authentication\\Token\\UsernamePasswordToken"} []
[2020-11-12 20:28:56] security.DEBUG: User was reloaded from a user provider. {"provider":"PrestaShopBundle\\Security\\Admin\\EmployeeProvider","username":"michael@mydigital.solutions"} []
[2020-11-12 20:29:02] app.ERROR: Data from PrestaShop Addons is invalid, and cannot fallback on cache.  {"exception":"cURL error 28: Operation timed out after 5000 milliseconds with 417035 bytes received"} []
[2020-11-12 20:29:20] security.DEBUG: Stored the security token in the session. {"key":"_security_main"} []
[2020-11-12 20:29:22] request.INFO: Matched route "admin_module_notification_count". {"route":"admin_module_notification_count","route_parameters":{"_controller":"PrestaShopBundle\\Controller\\Admin\\Improve\\Modules\\AlertsController::notificationsCountAction","_legacy_controller":"AdminModulesNotifications","_legacy_link":"AdminModulesNotifications:count","_route":"admin_module_notification_count"},"request_uri":"https://localhost/prestashop/admin178i9wzcy/index.php/improve/modules/alerts/count?_token=S3YWO4_VGZPNfn6KI17Li_msF_RjoOKhnn1CS1tpbvw","method":"GET"} []
[2020-11-12 20:29:22] security.DEBUG: Read existing security token from the session. {"key":"_security_main","token_class":"Symfony\\Component\\Security\\Core\\Authentication\\Token\\UsernamePasswordToken"} []
[2020-11-12 20:29:22] security.DEBUG: User was reloaded from a user provider. {"provider":"PrestaShopBundle\\Security\\Admin\\EmployeeProvider","username":"michael@mydigital.solutions"} []
[2020-11-12 20:29:27] app.ERROR: Data from PrestaShop Addons is invalid, and cannot fallback on cache.  {"exception":"cURL error 28: Operation timed out after 5000 milliseconds with 579427 bytes received"} []
[2020-11-12 20:29:28] security.DEBUG: Stored the security token in the session. {"key":"_security_main"} []
[2020-11-12 20:30:57] request.INFO: Matched route "admin_module_import". {"route":"admin_module_import","route_parameters":{"module_name":null,"_controller":"PrestaShopBundle\\Controller\\Admin\\Improve\\ModuleController::importModuleAction","_route":"admin_module_import"},"request_uri":"https://localhost/prestashop/admin178i9wzcy/index.php/improve/modules/import?_token=S3YWO4_VGZPNfn6KI17Li_msF_RjoOKhnn1CS1tpbvw","method":"POST"} []
[2020-11-12 20:30:57] security.DEBUG: Read existing security token from the session. {"key":"_security_main","token_class":"Symfony\\Component\\Security\\Core\\Authentication\\Token\\UsernamePasswordToken"} []
[2020-11-12 20:30:57] security.DEBUG: User was reloaded from a user provider. {"provider":"PrestaShopBundle\\Security\\Admin\\EmployeeProvider","username":"michael@mydigital.solutions"} []
[2020-11-12 20:31:14] app.ERROR: Data from PrestaShop Addons is invalid, and cannot fallback on cache.  {"exception":"cURL error 28: Operation timed out after 5000 milliseconds with 89829 bytes received"} []
[2020-11-12 20:31:29] app.INFO: Protect vendor folder in module stripe_official [] []
[2020-11-12 20:31:29] security.DEBUG: Stored the security token in the session. {"key":"_security_main"} []
[2020-11-12 20:34:28] request.INFO: Matched route "admin_module_manage". {"route":"admin_module_manage","route_parameters":{"category":null,"keyword":null,"_controller":"PrestaShopBundle\\Controller\\Admin\\Improve\\ModuleController::manageAction","_legacy_controller":"AdminModulesManage","_legacy_link":["AdminModulesManage","AdminModulesSf"],"_route":"admin_module_manage"},"request_uri":"https://localhost/prestashop/admin178i9wzcy/index.php/improve/modules/manage?_token=S3YWO4_VGZPNfn6KI17Li_msF_RjoOKhnn1CS1tpbvw","method":"GET"} []
[2020-11-12 20:34:28] security.DEBUG: Read existing security token from the session. {"key":"_security_main","token_class":"Symfony\\Component\\Security\\Core\\Authentication\\Token\\UsernamePasswordToken"} []
[2020-11-12 20:34:28] security.DEBUG: User was reloaded from a user provider. {"provider":"PrestaShopBundle\\Security\\Admin\\EmployeeProvider","username":"michael@mydigital.solutions"} []
[2020-11-12 20:34:34] app.ERROR: Data from PrestaShop Addons is invalid, and cannot fallback on cache.  {"exception":"cURL error 28: Operation timed out after 5000 milliseconds with 710499 bytes received"} []
[2020-11-12 20:34:42] security.DEBUG: Stored the security token in the session. {"key":"_security_main"} []
[2020-11-12 21:14:40] request.INFO: Matched route "admin_module_configure_action". {"route":"admin_module_configure_action","route_parameters":{"_controller":"PrestaShopBundle\\Controller\\Admin\\Improve\\ModuleController::configureModuleAction","_legacy_controller":"AdminModules","module_name":"ps_checkout","_route":"admin_module_configure_action"},"request_uri":"http://localhost/prestashop/admin178i9wzcy/index.php/improve/modules/manage/action/configure/ps_checkout?_token=OltQivX3g6tV-6Wook9oSRqf-02AIMe4rlEdr3mHib8","method":"GET"} []
[2020-11-12 21:14:40] security.DEBUG: Read existing security token from the session. {"key":"_security_main","token_class":"Symfony\\Component\\Security\\Core\\Authentication\\Token\\UsernamePasswordToken"} []
[2020-11-12 21:14:40] security.DEBUG: User was reloaded from a user provider. {"provider":"PrestaShopBundle\\Security\\Admin\\EmployeeProvider","username":"michael@mydigital.solutions"} []
[2020-11-12 21:14:45] app.ERROR: Data from PrestaShop Addons is invalid, and cannot fallback on cache.  {"exception":"cURL error 28: Operation timed out after 5000 milliseconds with 702602 bytes received"} []
[2020-11-12 21:14:46] security.DEBUG: Stored the security token in the session. {"key":"_security_main"} []
[2020-11-12 21:17:00] request.INFO: Matched route "admin_module_manage". {"route":"admin_module_manage","route_parameters":{"category":null,"keyword":null,"_controller":"PrestaShopBundle\\Controller\\Admin\\Improve\\ModuleController::manageAction","_legacy_controller":"AdminModulesManage","_legacy_link":["AdminModulesManage","AdminModulesSf"],"_route":"admin_module_manage"},"request_uri":"http://localhost/prestashop/admin178i9wzcy/index.php/improve/modules/manage?_token=OltQivX3g6tV-6Wook9oSRqf-02AIMe4rlEdr3mHib8","method":"GET"} []
[2020-11-12 21:17:00] security.DEBUG: Read existing security token from the session. {"key":"_security_main","token_class":"Symfony\\Component\\Security\\Core\\Authentication\\Token\\UsernamePasswordToken"} []
[2020-11-12 21:17:00] security.DEBUG: User was reloaded from a user provider. {"provider":"PrestaShopBundle\\Security\\Admin\\EmployeeProvider","username":"michael@mydigital.solutions"} []
[2020-11-12 21:17:05] app.ERROR: Data from PrestaShop Addons is invalid, and cannot fallback on cache.  {"exception":"cURL error 28: Operation timed out after 5000 milliseconds with 714298 bytes received"} []
[2020-11-12 21:17:11] security.DEBUG: Stored the security token in the session. {"key":"_security_main"} []
[2020-11-12 21:17:12] request.INFO: Matched route "admin_module_notification_count". {"route":"admin_module_notification_count","route_parameters":{"_controller":"PrestaShopBundle\\Controller\\Admin\\Improve\\Modules\\AlertsController::notificationsCountAction","_legacy_controller":"AdminModulesNotifications","_legacy_link":"AdminModulesNotifications:count","_route":"admin_module_notification_count"},"request_uri":"http://localhost/prestashop/admin178i9wzcy/index.php/improve/modules/alerts/count?_token=OltQivX3g6tV-6Wook9oSRqf-02AIMe4rlEdr3mHib8","method":"GET"} []
[2020-11-12 21:17:12] security.DEBUG: Read existing security token from the session. {"key":"_security_main","token_class":"Symfony\\Component\\Security\\Core\\Authentication\\Token\\UsernamePasswordToken"} []
[2020-11-12 21:17:12] security.DEBUG: User was reloaded from a user provider. {"provider":"PrestaShopBundle\\Security\\Admin\\EmployeeProvider","username":"michael@mydigital.solutions"} []
[2020-11-12 21:17:17] app.ERROR: Data from PrestaShop Addons is invalid, and cannot fallback on cache.  {"exception":"cURL error 28: Operation timed out after 5000 milliseconds with 648780 bytes received"} []
[2020-11-12 21:17:18] security.DEBUG: Stored the security token in the session. {"key":"_security_main"} []
